  Game.cpp
C:\Users\C00285455\Desktop\colon-hunters\Colon Hunters\Colon Hunters\Game.cpp(126,37): warning C4244: '=': conversion from 'T' to 'float', possible loss of data
C:\Users\C00285455\Desktop\colon-hunters\Colon Hunters\Colon Hunters\Game.cpp(126,37): warning C4244:         with
C:\Users\C00285455\Desktop\colon-hunters\Colon Hunters\Colon Hunters\Game.cpp(126,37): warning C4244:         [
C:\Users\C00285455\Desktop\colon-hunters\Colon Hunters\Colon Hunters\Game.cpp(126,37): warning C4244:             T=int
C:\Users\C00285455\Desktop\colon-hunters\Colon Hunters\Colon Hunters\Game.cpp(126,37): warning C4244:         ]
C:\Users\C00285455\Desktop\colon-hunters\Colon Hunters\Colon Hunters\Game.cpp(133,52): warning C4244: '=': conversion from 'int' to 'float', possible loss of data
C:\Users\C00285455\Desktop\colon-hunters\Colon Hunters\Colon Hunters\Game.cpp(252,49): warning C4244: 'argument': conversion from 'int' to 'T', possible loss of data
C:\Users\C00285455\Desktop\colon-hunters\Colon Hunters\Colon Hunters\Game.cpp(252,49): warning C4244:         with
C:\Users\C00285455\Desktop\colon-hunters\Colon Hunters\Colon Hunters\Game.cpp(252,49): warning C4244:         [
C:\Users\C00285455\Desktop\colon-hunters\Colon Hunters\Colon Hunters\Game.cpp(252,49): warning C4244:             T=float
C:\Users\C00285455\Desktop\colon-hunters\Colon Hunters\Colon Hunters\Game.cpp(252,49): warning C4244:         ]
C:\Users\C00285455\Desktop\colon-hunters\Colon Hunters\Colon Hunters\Game.cpp(253,29): warning C4244: 'argument': conversion from 'int' to 'float', possible loss of data
C:\Users\C00285455\Desktop\colon-hunters\Colon Hunters\Colon Hunters\Game.cpp(253,26): warning C4244: 'argument': conversion from 'int' to 'float', possible loss of data
C:\Users\C00285455\Desktop\colon-hunters\Colon Hunters\Colon Hunters\Game.cpp(258,51): warning C4244: 'argument': conversion from 'int' to 'sf::Uint8', possible loss of data
C:\Users\C00285455\Desktop\colon-hunters\Colon Hunters\Colon Hunters\Game.cpp(258,44): warning C4244: 'argument': conversion from 'int' to 'sf::Uint8', possible loss of data
C:\Users\C00285455\Desktop\colon-hunters\Colon Hunters\Colon Hunters\Game.cpp(258,37): warning C4244: 'argument': conversion from 'int' to 'sf::Uint8', possible loss of data
C:\Users\C00285455\Desktop\colon-hunters\Colon Hunters\Colon Hunters\Game.cpp(273,77): warning C4244: 'argument': conversion from 'int' to 'T', possible loss of data
C:\Users\C00285455\Desktop\colon-hunters\Colon Hunters\Colon Hunters\Game.cpp(273,77): warning C4244:         with
C:\Users\C00285455\Desktop\colon-hunters\Colon Hunters\Colon Hunters\Game.cpp(273,77): warning C4244:         [
C:\Users\C00285455\Desktop\colon-hunters\Colon Hunters\Colon Hunters\Game.cpp(273,77): warning C4244:             T=float
C:\Users\C00285455\Desktop\colon-hunters\Colon Hunters\Colon Hunters\Game.cpp(273,77): warning C4244:         ]
C:\Users\C00285455\Desktop\colon-hunters\Colon Hunters\Colon Hunters\Game.cpp(273,63): warning C4244: 'argument': conversion from 'int' to 'T', possible loss of data
C:\Users\C00285455\Desktop\colon-hunters\Colon Hunters\Colon Hunters\Game.cpp(273,63): warning C4244:         with
C:\Users\C00285455\Desktop\colon-hunters\Colon Hunters\Colon Hunters\Game.cpp(273,63): warning C4244:         [
C:\Users\C00285455\Desktop\colon-hunters\Colon Hunters\Colon Hunters\Game.cpp(273,63): warning C4244:             T=float
C:\Users\C00285455\Desktop\colon-hunters\Colon Hunters\Colon Hunters\Game.cpp(273,63): warning C4244:         ]
C:\Users\C00285455\Desktop\colon-hunters\Colon Hunters\Colon Hunters\Game.cpp(274,50): warning C4244: 'argument': conversion from 'int' to 'float', possible loss of data
C:\Users\C00285455\Desktop\colon-hunters\Colon Hunters\Colon Hunters\Game.cpp(274,36): warning C4244: 'argument': conversion from 'int' to 'float', possible loss of data
  Colon Hunters.vcxproj -> C:\Users\C00285455\Desktop\colon-hunters\Colon Hunters\Debug\Colon Hunters.exe
